2021-02-09T00:57:22.507+0900 [DEBUG] [org.gradle.launcher.daemon.bootstrap.DaemonMain] Assuming the daemon was started with following jvm opts: [-XX:MaxMetaspaceSize=256m, -XX:+HeapDumpOnOutOfMemoryError, --add-opens, java.base/java.util=ALL-UNNAMED, --add-opens, java.base/java.lang=ALL-UNNAMED, --add-opens, java.base/java.lang.invoke=ALL-UNNAMED, --add-opens, java.prefs/java.util.prefs=ALL-UNNAMED, -Xms256m, -Xmx512m, -Dfile.encoding=UTF-8, -Duser.country=KR, -Duser.language=ko, -Duser.variant]
2021-02-09T00:57:22.743+0900 [INFO] [org.gradle.launcher.daemon.server.Daemon] start() called on daemon - DefaultDaemonContext[uid=923738df-023f-44f3-9596-0c15eb156a1a,javaHome=/Library/Java/JavaVirtualMachines/jdk-15.0.1.jdk/Contents/Home,daemonRegistryDir=/Users/seungyuncho/eclipse-workspace/spring-boot-lecture/board/daemon,pid=85612,idleTimeout=10800000,priority=NORMAL,daemonOpts=-XX:MaxMetaspaceSize=256m,-XX:+HeapDumpOnOutOfMemoryError,--add-opens,java.base/java.util=ALL-UNNAMED,--add-opens,java.base/java.lang=ALL-UNNAMED,--add-opens,java.base/java.lang.invoke=ALL-UNNAMED,--add-opens,java.prefs/java.util.prefs=ALL-UNNAMED,-Xms256m,-Xmx512m,-Dfile.encoding=UTF-8,-Duser.country=KR,-Duser.language=ko,-Duser.variant]
2021-02-09T00:57:22.828+0900 [DEBUG] [org.gradle.internal.remote.internal.inet.InetAddresses] Adding IP addresses for network interface utun2
2021-02-09T00:57:22.828+0900 [DEBUG] [org.gradle.internal.remote.internal.inet.InetAddresses] Is this a loopback interface? false
2021-02-09T00:57:22.829+0900 [DEBUG] [org.gradle.internal.remote.internal.inet.InetAddresses] Adding remote address /fe80:0:0:0:52c5:502a:fdcd:93f5%utun2
2021-02-09T00:57:22.830+0900 [DEBUG] [org.gradle.internal.remote.internal.inet.InetAddresses] Adding IP addresses for network interface utun1
2021-02-09T00:57:22.830+0900 [DEBUG] [org.gradle.internal.remote.internal.inet.InetAddresses] Is this a loopback interface? false
2021-02-09T00:57:22.833+0900 [DEBUG] [org.gradle.internal.remote.internal.inet.InetAddresses] Adding remote address /fe80:0:0:0:1aa7:bbd8:312:35c2%utun1
2021-02-09T00:57:22.834+0900 [DEBUG] [org.gradle.internal.remote.internal.inet.InetAddresses] Adding IP addresses for network interface utun0
2021-02-09T00:57:22.834+0900 [DEBUG] [org.gradle.internal.remote.internal.inet.InetAddresses] Is this a loopback interface? false
2021-02-09T00:57:22.835+0900 [DEBUG] [org.gradle.internal.remote.internal.inet.InetAddresses] Adding remote address /fe80:0:0:0:67d0:db9b:a104:7ce8%utun0
2021-02-09T00:57:22.835+0900 [DEBUG] [org.gradle.internal.remote.internal.inet.InetAddresses] Adding IP addresses for network interface awdl0
2021-02-09T00:57:22.836+0900 [DEBUG] [org.gradle.internal.remote.internal.inet.InetAddresses] Is this a loopback interface? false
2021-02-09T00:57:22.836+0900 [DEBUG] [org.gradle.internal.remote.internal.inet.InetAddresses] Adding remote address /fe80:0:0:0:81:caff:fe1d:744b%awdl0
2021-02-09T00:57:22.837+0900 [DEBUG] [org.gradle.internal.remote.internal.inet.InetAddresses] Adding IP addresses for network interface en0
2021-02-09T00:57:22.837+0900 [DEBUG] [org.gradle.internal.remote.internal.inet.InetAddresses] Is this a loopback interface? false
2021-02-09T00:57:22.838+0900 [DEBUG] [org.gradle.internal.remote.internal.inet.InetAddresses] Adding remote address /fe80:0:0:0:1c1a:f71d:1422:9d07%en0
2021-02-09T00:57:22.838+0900 [DEBUG] [org.gradle.internal.remote.internal.inet.InetAddresses] Adding remote address /192.168.200.118
2021-02-09T00:57:22.838+0900 [DEBUG] [org.gradle.internal.remote.internal.inet.InetAddresses] Adding IP addresses for network interface lo0
2021-02-09T00:57:22.839+0900 [DEBUG] [org.gradle.internal.remote.internal.inet.InetAddresses] Is this a loopback interface? true
2021-02-09T00:57:22.839+0900 [DEBUG] [org.gradle.internal.remote.internal.inet.InetAddresses] Ignoring remote address on loopback interface /fe80:0:0:0:0:0:0:1%lo0
2021-02-09T00:57:22.841+0900 [DEBUG] [org.gradle.internal.remote.internal.inet.InetAddresses] Adding loopback address /0:0:0:0:0:0:0:1%lo0
2021-02-09T00:57:22.842+0900 [DEBUG] [org.gradle.internal.remote.internal.inet.InetAddresses] Adding loopback address /127.0.0.1
2021-02-09T00:57:22.853+0900 [DEBUG] [org.gradle.internal.remote.internal.inet.TcpIncomingConnector] Listening on [729bcf6b-1af4-4878-9ac8-ba2a1f77cbd9 port:51863, addresses:[localhost/127.0.0.1]].
2021-02-09T00:57:22.864+0900 [DEBUG] [org.gradle.launcher.daemon.server.Daemon] Daemon starting at: Tue Feb 09 00:57:22 KST 2021, with address: [729bcf6b-1af4-4878-9ac8-ba2a1f77cbd9 port:51863, addresses:[localhost/127.0.0.1]]
2021-02-09T00:57:22.865+0900 [INFO] [org.gradle.launcher.daemon.server.DaemonRegistryUpdater] Advertising the daemon address to the clients: [729bcf6b-1af4-4878-9ac8-ba2a1f77cbd9 port:51863, addresses:[localhost/127.0.0.1]]
2021-02-09T00:57:22.866+0900 [DEBUG] [org.gradle.launcher.daemon.server.DaemonRegistryUpdater] Advertised daemon context: DefaultDaemonContext[uid=923738df-023f-44f3-9596-0c15eb156a1a,javaHome=/Library/Java/JavaVirtualMachines/jdk-15.0.1.jdk/Contents/Home,daemonRegistryDir=/Users/seungyuncho/eclipse-workspace/spring-boot-lecture/board/daemon,pid=85612,idleTimeout=10800000,priority=NORMAL,daemonOpts=-XX:MaxMetaspaceSize=256m,-XX:+HeapDumpOnOutOfMemoryError,--add-opens,java.base/java.util=ALL-UNNAMED,--add-opens,java.base/java.lang=ALL-UNNAMED,--add-opens,java.base/java.lang.invoke=ALL-UNNAMED,--add-opens,java.prefs/java.util.prefs=ALL-UNNAMED,-Xms256m,-Xmx512m,-Dfile.encoding=UTF-8,-Duser.country=KR,-Duser.language=ko,-Duser.variant]
2021-02-09T00:57:22.868+0900 [DEBUG] [org.gradle.launcher.daemon.registry.PersistentDaemonRegistry] Storing daemon address: [729bcf6b-1af4-4878-9ac8-ba2a1f77cbd9 port:51863, addresses:[localhost/127.0.0.1]], context: DefaultDaemonContext[uid=923738df-023f-44f3-9596-0c15eb156a1a,javaHome=/Library/Java/JavaVirtualMachines/jdk-15.0.1.jdk/Contents/Home,daemonRegistryDir=/Users/seungyuncho/eclipse-workspace/spring-boot-lecture/board/daemon,pid=85612,idleTimeout=10800000,priority=NORMAL,daemonOpts=-XX:MaxMetaspaceSize=256m,-XX:+HeapDumpOnOutOfMemoryError,--add-opens,java.base/java.util=ALL-UNNAMED,--add-opens,java.base/java.lang=ALL-UNNAMED,--add-opens,java.base/java.lang.invoke=ALL-UNNAMED,--add-opens,java.prefs/java.util.prefs=ALL-UNNAMED,-Xms256m,-Xmx512m,-Dfile.encoding=UTF-8,-Duser.country=KR,-Duser.language=ko,-Duser.variant]
2021-02-09T00:57:22.901+0900 [DEBUG] [org.gradle.cache.internal.DefaultFileLockManager] Waiting to acquire exclusive lock on daemon addresses registry.
2021-02-09T00:57:22.905+0900 [DEBUG] [org.gradle.cache.internal.DefaultFileLockManager] Lock acquired on daemon addresses registry.
2021-02-09T00:57:22.912+0900 [DEBUG] [org.gradle.cache.internal.DefaultFileLockManager] Releasing lock on daemon addresses registry.
2021-02-09T00:57:22.913+0900 [LIFECYCLE] [org.gradle.launcher.daemon.server.Daemon] Daemon server started.
2021-02-09T00:57:22.915+0900 [DEBUG] [org.gradle.launcher.daemon.bootstrap.DaemonStartupCommunication] Completed writing the daemon greeting. Closing streams...
2021-02-09T00:57:22.926+0900 [DEBUG] [org.gradle.launcher.daemon.server.Daemon] stopOnExpiration() called on daemon
2021-02-09T00:57:22.928+0900 [DEBUG] [org.gradle.launcher.daemon.server.Daemon] awaitExpiration() called on daemon
2021-02-09T00:57:22.929+0900 [DEBUG] [org.gradle.launcher.daemon.server.DaemonStateCoordinator] daemon is running. Sleeping until state changes.
2021-02-09T00:57:22.934+0900 [DEBUG] [org.gradle.internal.remote.internal.inet.TcpIncomingConnector] Accepted connection from /127.0.0.1:51864 to /127.0.0.1:51863.
2021-02-09T00:57:23.051+0900 [DEBUG] [org.gradle.launcher.daemon.server.SynchronizedDispatchConnection] thread 19: received class org.gradle.launcher.daemon.protocol.Build
2021-02-09T00:57:23.052+0900 [DEBUG] [org.gradle.launcher.daemon.server.DefaultDaemonConnection] thread 19: Received non-IO message from client: Build{id=fd38852c-c00a-4ac4-b18f-50d6ff60963d, currentDir=/Users/seungyuncho/eclipse-workspace/spring-boot-lecture/board}
2021-02-09T00:57:23.053+0900 [INFO] [org.gradle.launcher.daemon.server.DefaultIncomingConnectionHandler] Received command: Build{id=fd38852c-c00a-4ac4-b18f-50d6ff60963d, currentDir=/Users/seungyuncho/eclipse-workspace/spring-boot-lecture/board}.
2021-02-09T00:57:23.053+0900 [DEBUG] [org.gradle.launcher.daemon.server.DefaultIncomingConnectionHandler] Starting executing command: Build{id=fd38852c-c00a-4ac4-b18f-50d6ff60963d, currentDir=/Users/seungyuncho/eclipse-workspace/spring-boot-lecture/board} with connection: socket connection from /127.0.0.1:51863 to /127.0.0.1:51864.
2021-02-09T00:57:23.058+0900 [ERROR] [org.gradle.launcher.daemon.server.DaemonStateCoordinator] Command execution: started DaemonCommandExecution[command = Build{id=fd38852c-c00a-4ac4-b18f-50d6ff60963d, currentDir=/Users/seungyuncho/eclipse-workspace/spring-boot-lecture/board}, connection = DefaultDaemonConnection: socket connection from /127.0.0.1:51863 to /127.0.0.1:51864] after 0.0 minutes of idle
2021-02-09T00:57:23.058+0900 [INFO] [org.gradle.launcher.daemon.server.DaemonRegistryUpdater] Marking the daemon as busy, address: [729bcf6b-1af4-4878-9ac8-ba2a1f77cbd9 port:51863, addresses:[localhost/127.0.0.1]]
2021-02-09T00:57:23.059+0900 [DEBUG] [org.gradle.launcher.daemon.registry.PersistentDaemonRegistry] Marking busy by address: [729bcf6b-1af4-4878-9ac8-ba2a1f77cbd9 port:51863, addresses:[localhost/127.0.0.1]]
2021-02-09T00:57:23.060+0900 [DEBUG] [org.gradle.cache.internal.DefaultFileLockManager] Waiting to acquire exclusive lock on daemon addresses registry.
2021-02-09T00:57:23.061+0900 [DEBUG] [org.gradle.cache.internal.DefaultFileLockManager] Lock acquired on daemon addresses registry.
2021-02-09T00:57:23.062+0900 [DEBUG] [org.gradle.cache.internal.DefaultFileLockManager] Releasing lock on daemon addresses registry.
2021-02-09T00:57:23.063+0900 [DEBUG] [org.gradle.launcher.daemon.server.DaemonStateCoordinator] resetting idle timer
2021-02-09T00:57:23.065+0900 [INFO] [org.gradle.launcher.daemon.server.exec.StartBuildOrRespondWithBusy] Daemon is about to start building Build{id=fd38852c-c00a-4ac4-b18f-50d6ff60963d, currentDir=/Users/seungyuncho/eclipse-workspace/spring-boot-lecture/board}. Dispatching build started information...
2021-02-09T00:57:23.065+0900 [DEBUG] [org.gradle.launcher.daemon.server.SynchronizedDispatchConnection] thread 21: dispatching org.gradle.launcher.daemon.protocol.BuildStarted@60a9db77
2021-02-09T00:57:23.066+0900 [DEBUG] [org.gradle.launcher.daemon.server.DaemonStateCoordinator] daemon is running. Sleeping until state changes.
2021-02-09T00:57:23.070+0900 [DEBUG] [org.gradle.launcher.daemon.server.exec.EstablishBuildEnvironment] Configuring env variables: [PATH, aaa, NVM_CD_FLAGS, NVM_DIR, SHELL, PAGER, LSCOLORS, OLDPWD, USER, VERSIONER_PYTHON_PREFER_32_BIT, ZSH, TMPDIR, SSH_AUTH_SOCK, XPC_FLAGS, VERSIONER_PYTHON_VERSION, __CF_USER_TEXT_ENCODING, Apple_PubSub_Socket_Render, LOGNAME, LESS, LC_CTYPE, XPC_SERVICE_NAME, NVM_BIN, HOME]
2021-02-09T00:57:23.074+0900 [DEBUG] [org.gradle.launcher.daemon.server.SynchronizedDispatchConnection] thread 19: received class org.gradle.launcher.daemon.protocol.CloseInput
2021-02-09T00:57:23.075+0900 [DEBUG] [org.gradle.launcher.daemon.server.DefaultDaemonConnection] thread 19: Received IO message from client: org.gradle.launcher.daemon.protocol.CloseInput@9742e1f
2021-02-09T00:57:23.077+0900 [DEBUG] [org.gradle.launcher.daemon.server.exec.LogToClient] About to start relaying all logs to the client via the connection.
2021-02-09T00:57:23.078+0900 [INFO] [org.gradle.launcher.daemon.server.exec.LogToClient] The client will now receive all logging from the daemon (pid: 85612). The daemon log file: /Users/seungyuncho/eclipse-workspace/spring-boot-lecture/board/daemon/6.7.1/daemon-85612.out.log
2021-02-09T00:57:23.081+0900 [INFO] [org.gradle.launcher.daemon.server.exec.LogAndCheckHealth] Starting build in new daemon [memory: 536.9 MB]
2021-02-09T00:57:23.083+0900 [INFO] [org.gradle.launcher.daemon.server.exec.ForwardClientInput] Closing daemon's stdin at end of input.
2021-02-09T00:57:23.083+0900 [INFO] [org.gradle.launcher.daemon.server.exec.ForwardClientInput] The daemon will no longer process any standard input.
2021-02-09T00:57:23.089+0900 [DEBUG] [org.gradle.launcher.daemon.server.exec.ExecuteBuild] The daemon has started executing the build.
2021-02-09T00:57:23.090+0900 [DEBUG] [org.gradle.launcher.daemon.server.exec.ExecuteBuild] Executing build with daemon context: DefaultDaemonContext[uid=923738df-023f-44f3-9596-0c15eb156a1a,javaHome=/Library/Java/JavaVirtualMachines/jdk-15.0.1.jdk/Contents/Home,daemonRegistryDir=/Users/seungyuncho/eclipse-workspace/spring-boot-lecture/board/daemon,pid=85612,idleTimeout=10800000,priority=NORMAL,daemonOpts=-XX:MaxMetaspaceSize=256m,-XX:+HeapDumpOnOutOfMemoryError,--add-opens,java.base/java.util=ALL-UNNAMED,--add-opens,java.base/java.lang=ALL-UNNAMED,--add-opens,java.base/java.lang.invoke=ALL-UNNAMED,--add-opens,java.prefs/java.util.prefs=ALL-UNNAMED,-Xms256m,-Xmx512m,-Dfile.encoding=UTF-8,-Duser.country=KR,-Duser.language=ko,-Duser.variant]

BUILD SUCCESSFUL in 16s
2021-02-09T00:57:34.074+0900 [DEBUG] [org.gradle.launcher.daemon.server.exec.ExecuteBuild] The daemon has finished executing the build.
2021-02-09T00:57:34.084+0900 [DEBUG] [org.gradle.launcher.daemon.server.DaemonStateCoordinator] daemon is running. Sleeping until state changes.
2021-02-09T00:57:34.085+0900 [DEBUG] [org.gradle.launcher.daemon.server.DaemonStateCoordinator] Command execution: finished waiting for DaemonCommandExecution[command = Build{id=fd38852c-c00a-4ac4-b18f-50d6ff60963d, currentDir=/Users/seungyuncho/eclipse-workspace/spring-boot-lecture/board}, connection = DefaultDaemonConnection: socket connection from /127.0.0.1:51863 to /127.0.0.1:51864]. Result org.gradle.launcher.daemon.server.DaemonStateCoordinator@4c0768c6 with state Busy
2021-02-09T00:57:34.085+0900 [DEBUG] [org.gradle.launcher.daemon.server.DaemonStateCoordinator] Command execution: completed DaemonCommandExecution[command = Build{id=fd38852c-c00a-4ac4-b18f-50d6ff60963d, currentDir=/Users/seungyuncho/eclipse-workspace/spring-boot-lecture/board}, connection = DefaultDaemonConnection: socket connection from /127.0.0.1:51863 to /127.0.0.1:51864]
2021-02-09T00:57:34.085+0900 [DEBUG] [org.gradle.launcher.daemon.server.DaemonStateCoordinator] resetting idle timer
2021-02-09T00:57:34.086+0900 [INFO] [org.gradle.launcher.daemon.server.DaemonRegistryUpdater] Marking the daemon as idle, address: [729bcf6b-1af4-4878-9ac8-ba2a1f77cbd9 port:51863, addresses:[localhost/127.0.0.1]]
2021-02-09T00:57:34.086+0900 [DEBUG] [org.gradle.launcher.daemon.registry.PersistentDaemonRegistry] Marking busy by address: [729bcf6b-1af4-4878-9ac8-ba2a1f77cbd9 port:51863, addresses:[localhost/127.0.0.1]]
2021-02-09T00:57:34.087+0900 [DEBUG] [org.gradle.cache.internal.DefaultFileLockManager] Waiting to acquire exclusive lock on daemon addresses registry.
2021-02-09T00:57:34.087+0900 [DEBUG] [org.gradle.cache.internal.DefaultFileLockManager] Lock acquired on daemon addresses registry.
2021-02-09T00:57:34.089+0900 [DEBUG] [org.gradle.cache.internal.DefaultFileLockManager] Releasing lock on daemon addresses registry.
2021-02-09T00:57:34.090+0900 [DEBUG] [org.gradle.launcher.daemon.server.DaemonStateCoordinator] daemon is running. Sleeping until state changes.
2021-02-09T00:57:34.090+0900 [DEBUG] [org.gradle.launcher.daemon.server.exec.ReturnResult] Daemon is dispatching the build result: Success[value=org.gradle.launcher.exec.BuildActionResult@2959055e]
2021-02-09T00:57:34.091+0900 [DEBUG] [org.gradle.launcher.daemon.server.SynchronizedDispatchConnection] thread 18: dispatching Success[value=org.gradle.launcher.exec.BuildActionResult@2959055e]
2021-02-09T00:57:34.091+0900 [DEBUG] [org.gradle.launcher.daemon.server.DefaultIncomingConnectionHandler] Finishing executing command: Build{id=fd38852c-c00a-4ac4-b18f-50d6ff60963d, currentDir=/Users/seungyuncho/eclipse-workspace/spring-boot-lecture/board}
2021-02-09T00:57:34.093+0900 [DEBUG] [org.gradle.launcher.daemon.server.SynchronizedDispatchConnection] thread 19: received class org.gradle.launcher.daemon.protocol.Finished
2021-02-09T00:57:34.093+0900 [DEBUG] [org.gradle.launcher.daemon.server.DefaultDaemonConnection] thread 19: Received non-IO message from client: org.gradle.launcher.daemon.protocol.Finished@5acf8f91
2021-02-09T00:57:34.094+0900 [DEBUG] [org.gradle.launcher.daemon.server.DefaultIncomingConnectionHandler] Received finished message: org.gradle.launcher.daemon.protocol.Finished@5acf8f91
2021-02-09T00:57:34.094+0900 [DEBUG] [org.gradle.launcher.daemon.server.SynchronizedDispatchConnection] thread 18: stopping connection
2021-02-09T00:57:34.098+0900 [DEBUG] [org.gradle.internal.remote.internal.inet.SocketConnection] Discarding EOFException: java.io.EOFException
2021-02-09T00:57:34.099+0900 [DEBUG] [org.gradle.launcher.daemon.server.SynchronizedDispatchConnection] thread 19: received null
2021-02-09T00:57:34.099+0900 [DEBUG] [org.gradle.launcher.daemon.server.DefaultDaemonConnection] thread 19: Received end-of-input from client.
2021-02-09T00:57:34.102+0900 [DEBUG] [org.gradle.launcher.daemon.server.SynchronizedDispatchConnection] thread 18: stopping connection
2021-02-09T00:57:42.930+0900 [DEBUG] [org.gradle.cache.internal.DefaultFileLockManager] Waiting to acquire shared lock on daemon addresses registry.
2021-02-09T00:57:42.930+0900 [DEBUG] [org.gradle.cache.internal.DefaultFileLockManager] Lock acquired on daemon addresses registry.
2021-02-09T00:57:42.932+0900 [DEBUG] [org.gradle.cache.internal.DefaultFileLockManager] Releasing lock on daemon addresses registry.
2021-02-09T00:57:42.933+0900 [DEBUG] [org.gradle.cache.internal.DefaultFileLockManager] Waiting to acquire shared lock on daemon addresses registry.
2021-02-09T00:57:42.933+0900 [DEBUG] [org.gradle.cache.internal.DefaultFileLockManager] Lock acquired on daemon addresses registry.
2021-02-09T00:57:42.934+0900 [DEBUG] [org.gradle.cache.internal.DefaultFileLockManager] Releasing lock on daemon addresses registry.
2021-02-09T00:57:52.930+0900 [DEBUG] [org.gradle.cache.internal.DefaultFileLockManager] Waiting to acquire shared lock on daemon addresses registry.
2021-02-09T00:57:52.931+0900 [DEBUG] [org.gradle.cache.internal.DefaultFileLockManager] Lock acquired on daemon addresses registry.
2021-02-09T00:57:52.934+0900 [DEBUG] [org.gradle.cache.internal.DefaultFileLockManager] Releasing lock on daemon addresses registry.
2021-02-09T00:57:52.936+0900 [DEBUG] [org.gradle.cache.internal.DefaultFileLockManager] Waiting to acquire shared lock on daemon addresses registry.
2021-02-09T00:57:52.936+0900 [DEBUG] [org.gradle.cache.internal.DefaultFileLockManager] Lock acquired on daemon addresses registry.
2021-02-09T00:57:52.937+0900 [DEBUG] [org.gradle.cache.internal.DefaultFileLockManager] Releasing lock on daemon addresses registry.
2021-02-09T00:57:52.938+0900 [DEBUG] [org.gradle.cache.internal.DefaultFileLockManager] Waiting to acquire shared lock on daemon addresses registry.
2021-02-09T00:57:52.938+0900 [DEBUG] [org.gradle.cache.internal.DefaultFileLockManager] Lock acquired on daemon addresses registry.
2021-02-09T00:57:52.939+0900 [DEBUG] [org.gradle.cache.internal.DefaultFileLockManager] Releasing lock on daemon addresses registry.
2021-02-09T00:57:59.247+0900 [DEBUG] [org.gradle.internal.remote.internal.inet.TcpIncomingConnector] Accepted connection from /127.0.0.1:51877 to /127.0.0.1:51863.
2021-02-09T00:57:59.257+0900 [DEBUG] [org.gradle.launcher.daemon.server.SynchronizedDispatchConnection] thread 61: received class org.gradle.launcher.daemon.protocol.Build
2021-02-09T00:57:59.257+0900 [DEBUG] [org.gradle.launcher.daemon.server.DefaultDaemonConnection] thread 61: Received non-IO message from client: Build{id=2a2499d8-82b6-4a32-a41a-3ad9d3cfb916, currentDir=/Users/seungyuncho/eclipse-workspace/spring-boot-lecture/board}
2021-02-09T00:57:59.258+0900 [INFO] [org.gradle.launcher.daemon.server.DefaultIncomingConnectionHandler] Received command: Build{id=2a2499d8-82b6-4a32-a41a-3ad9d3cfb916, currentDir=/Users/seungyuncho/eclipse-workspace/spring-boot-lecture/board}.
2021-02-09T00:57:59.258+0900 [DEBUG] [org.gradle.launcher.daemon.server.DefaultIncomingConnectionHandler] Starting executing command: Build{id=2a2499d8-82b6-4a32-a41a-3ad9d3cfb916, currentDir=/Users/seungyuncho/eclipse-workspace/spring-boot-lecture/board} with connection: socket connection from /127.0.0.1:51863 to /127.0.0.1:51877.
2021-02-09T00:57:59.259+0900 [ERROR] [org.gradle.launcher.daemon.server.DaemonStateCoordinator] Command execution: started DaemonCommandExecution[command = Build{id=2a2499d8-82b6-4a32-a41a-3ad9d3cfb916, currentDir=/Users/seungyuncho/eclipse-workspace/spring-boot-lecture/board}, connection = DefaultDaemonConnection: socket connection from /127.0.0.1:51863 to /127.0.0.1:51877] after 0.0 minutes of idle
2021-02-09T00:57:59.260+0900 [INFO] [org.gradle.launcher.daemon.server.DaemonRegistryUpdater] Marking the daemon as busy, address: [729bcf6b-1af4-4878-9ac8-ba2a1f77cbd9 port:51863, addresses:[localhost/127.0.0.1]]
2021-02-09T00:57:59.260+0900 [DEBUG] [org.gradle.launcher.daemon.registry.PersistentDaemonRegistry] Marking busy by address: [729bcf6b-1af4-4878-9ac8-ba2a1f77cbd9 port:51863, addresses:[localhost/127.0.0.1]]
2021-02-09T00:57:59.260+0900 [DEBUG] [org.gradle.cache.internal.DefaultFileLockManager] Waiting to acquire exclusive lock on daemon addresses registry.
2021-02-09T00:57:59.261+0900 [DEBUG] [org.gradle.cache.internal.DefaultFileLockManager] Lock acquired on daemon addresses registry.
2021-02-09T00:57:59.262+0900 [DEBUG] [org.gradle.cache.internal.DefaultFileLockManager] Releasing lock on daemon addresses registry.
2021-02-09T00:57:59.263+0900 [DEBUG] [org.gradle.launcher.daemon.server.DaemonStateCoordinator] resetting idle timer
2021-02-09T00:57:59.263+0900 [DEBUG] [org.gradle.launcher.daemon.server.DaemonStateCoordinator] daemon is running. Sleeping until state changes.
2021-02-09T00:57:59.263+0900 [INFO] [org.gradle.launcher.daemon.server.exec.StartBuildOrRespondWithBusy] Daemon is about to start building Build{id=2a2499d8-82b6-4a32-a41a-3ad9d3cfb916, currentDir=/Users/seungyuncho/eclipse-workspace/spring-boot-lecture/board}. Dispatching build started information...
2021-02-09T00:57:59.264+0900 [DEBUG] [org.gradle.launcher.daemon.server.SynchronizedDispatchConnection] thread 21: dispatching org.gradle.launcher.daemon.protocol.BuildStarted@4db0f9df
2021-02-09T00:57:59.265+0900 [DEBUG] [org.gradle.launcher.daemon.server.exec.EstablishBuildEnvironment] Configuring env variables: [PATH, aaa, NVM_CD_FLAGS, NVM_DIR, SHELL, PAGER, LSCOLORS, OLDPWD, USER, VERSIONER_PYTHON_PREFER_32_BIT, ZSH, TMPDIR, SSH_AUTH_SOCK, XPC_FLAGS, VERSIONER_PYTHON_VERSION, __CF_USER_TEXT_ENCODING, Apple_PubSub_Socket_Render, LOGNAME, LESS, LC_CTYPE, XPC_SERVICE_NAME, NVM_BIN, HOME]
2021-02-09T00:57:59.266+0900 [DEBUG] [org.gradle.launcher.daemon.server.exec.LogToClient] About to start relaying all logs to the client via the connection.
2021-02-09T00:57:59.266+0900 [INFO] [org.gradle.launcher.daemon.server.exec.LogToClient] The client will now receive all logging from the daemon (pid: 85612). The daemon log file: /Users/seungyuncho/eclipse-workspace/spring-boot-lecture/board/daemon/6.7.1/daemon-85612.out.log
2021-02-09T00:57:59.268+0900 [INFO] [org.gradle.launcher.daemon.server.exec.LogAndCheckHealth] Starting 2nd build in daemon [uptime: 36.704 secs, performance: 99%, non-heap usage: 20% of 268.4 MB]
2021-02-09T00:57:59.269+0900 [DEBUG] [org.gradle.launcher.daemon.server.exec.ExecuteBuild] The daemon has started executing the build.
2021-02-09T00:57:59.270+0900 [DEBUG] [org.gradle.launcher.daemon.server.exec.ExecuteBuild] Executing build with daemon context: DefaultDaemonContext[uid=923738df-023f-44f3-9596-0c15eb156a1a,javaHome=/Library/Java/JavaVirtualMachines/jdk-15.0.1.jdk/Contents/Home,daemonRegistryDir=/Users/seungyuncho/eclipse-workspace/spring-boot-lecture/board/daemon,pid=85612,idleTimeout=10800000,priority=NORMAL,daemonOpts=-XX:MaxMetaspaceSize=256m,-XX:+HeapDumpOnOutOfMemoryError,--add-opens,java.base/java.util=ALL-UNNAMED,--add-opens,java.base/java.lang=ALL-UNNAMED,--add-opens,java.base/java.lang.invoke=ALL-UNNAMED,--add-opens,java.prefs/java.util.prefs=ALL-UNNAMED,-Xms256m,-Xmx512m,-Dfile.encoding=UTF-8,-Duser.country=KR,-Duser.language=ko,-Duser.variant]
00:58:06,255 |-INFO in ch.qos.logback.core.joran.action.AppenderAction - About to instantiate appender of type [ch.qos.logback.core.ConsoleAppender]
00:58:06,256 |-INFO in ch.qos.logback.core.joran.action.AppenderAction - Naming appender as [console]
00:58:06,280 |-INFO in ch.qos.logback.core.joran.action.NestedComplexPropertyIA - Assuming default type [ch.qos.logback.classic.encoder.PatternLayoutEncoder] for [encoder] property
00:58:06,306 |-INFO in ch.qos.logback.core.joran.action.AppenderAction - About to instantiate appender of type [ch.qos.logback.core.ConsoleAppender]
00:58:06,306 |-INFO in ch.qos.logback.core.joran.action.AppenderAction - Naming appender as [console-infolog]
00:58:06,307 |-INFO in ch.qos.logback.core.joran.action.NestedComplexPropertyIA - Assuming default type [ch.qos.logback.classic.encoder.PatternLayoutEncoder] for [encoder] property
00:58:06,308 |-INFO in ch.qos.logback.classic.joran.action.LoggerAction - Setting level of logger [board] to DEBUG
00:58:06,309 |-INFO in ch.qos.logback.classic.jul.LevelChangePropagator@15eb9b11 - Propagating DEBUG level on Logger[board] onto the JUL framework
00:58:06,311 |-INFO in ch.qos.logback.classic.joran.action.LoggerAction - Setting level of logger [jdbc.sqlonly] to INFO
00:58:06,311 |-INFO in ch.qos.logback.classic.jul.LevelChangePropagator@15eb9b11 - Propagating INFO level on Logger[jdbc.sqlonly] onto the JUL framework
00:58:06,312 |-INFO in ch.qos.logback.classic.joran.action.LoggerAction - Setting level of logger [jdbc.resultsettable] to INFO
00:58:06,312 |-INFO in ch.qos.logback.classic.jul.LevelChangePropagator@15eb9b11 - Propagating INFO level on Logger[jdbc.resultsettable] onto the JUL framework
00:58:06,313 |-INFO in ch.qos.logback.classic.joran.action.RootLoggerAction - Setting level of ROOT logger to ERROR
00:58:06,313 |-INFO in ch.qos.logback.classic.jul.LevelChangePropagator@15eb9b11 - Propagating ERROR level on Logger[ROOT] onto the JUL framework
00:58:06,313 |-INFO in ch.qos.logback.core.joran.action.AppenderRefAction - Attaching appender named [console] to Logger[ROOT]
00:58:06,313 |-INFO in ch.qos.logback.classic.joran.action.ConfigurationAction - End of configuration.
00:58:06,313 |-INFO in org.springframework.boot.logging.logback.SpringBootJoranConfigurator@222ece3b - Registering current configuration as safe fallback point

  .   ____          _            __ _ _
 /\\ / ___'_ __ _ _(_)_ __  __ _ \ \ \ \
( ( )\___ | '_ | '_| | '_ \/ _` | \ \ \ \
 \\/  ___)| |_)| | | | | || (_| |  ) ) ) )
  '  |____| .__|_| |_|_| |_\__, | / / / /
 =========|_|==============|___/=/_/_/_/
 :: Spring Boot ::                (v2.4.1)

2021-02-09 00:58:06,810  INFO [board.BoardApplication] Starting BoardApplication using Java 15.0.1 on seungyunui-MacBook-Pro.local with PID 85650 (/Users/seungyuncho/eclipse-workspace/spring-boot-lecture/board/build/classes/java/main started by seungyuncho in /Users/seungyuncho/eclipse-workspace/spring-boot-lecture/board)
2021-02-09 00:58:06,815 DEBUG [board.BoardApplication] Running with Spring Boot v2.4.1, Spring v5.3.2
2021-02-09 00:58:06,816  INFO [board.BoardApplication] No active profile set, falling back to default profiles: default
Loading class `com.mysql.jdbc.Driver'. This is deprecated. The new driver class is `com.mysql.cj.jdbc.Driver'. The driver is automatically registered via the SPI and manual loading of the driver class is generally unnecessary.
2021-02-09 00:58:13,221  INFO [jdbc.sqlonly] SELECT 1

2021-02-09 00:58:15,134  INFO [jdbc.sqlonly] SELECT 1

2021-02-09 00:58:15,753  INFO [jdbc.sqlonly] SELECT 1

2021-02-09 00:58:16,771  INFO [jdbc.sqlonly] SELECT 1

2021-02-09 00:58:18,980  INFO [jdbc.sqlonly] SELECT 1

2021-02-09 00:58:19,177  INFO [board.BoardApplication] Started BoardApplication in 13.863 seconds (JVM running for 15.472)

FAILURE: Build failed with an exception.

* What went wrong:
Execution failed for task ':BoardApplication.main()'.
> Build cancelled while executing task ':BoardApplication.main()'

* Try:
Run with --stacktrace option to get the stack trace. Run with --info or --debug option to get more log output. Run with --scan to get full insights.

* Get more help at https://help.gradle.org

BUILD FAILED in 26s
3 actionable tasks: 1 executed, 2 up-to-date
2021-02-09T00:58:26.295+0900 [DEBUG] [org.gradle.launcher.daemon.server.exec.ExecuteBuild] The daemon has finished executing the build.
2021-02-09T00:58:26.624+0900 [DEBUG] [org.gradle.process.internal.DefaultExecHandle] Changing state to: ABORTED
2021-02-09T00:58:26.624+0900 [DEBUG] [org.gradle.process.internal.DefaultExecHandle] Process 'command '/Library/Java/JavaVirtualMachines/jdk-15.0.1.jdk/Contents/Home/bin/java'' finished with exit value 143 (state: ABORTED)
2021-02-09T00:58:26.624+0900 [DEBUG] [org.gradle.launcher.daemon.server.DaemonStateCoordinator] Cancel: daemon is busy, sleeping until state changes.
2021-02-09T00:58:26.625+0900 [DEBUG] [org.gradle.launcher.daemon.server.DaemonStateCoordinator] Command execution: finished waiting for DaemonCommandExecution[command = Build{id=2a2499d8-82b6-4a32-a41a-3ad9d3cfb916, currentDir=/Users/seungyuncho/eclipse-workspace/spring-boot-lecture/board}, connection = DefaultDaemonConnection: socket connection from /127.0.0.1:51863 to /127.0.0.1:51877]. Result org.gradle.launcher.daemon.server.DaemonStateCoordinator@4c0768c6 with state Canceled
2021-02-09T00:58:26.625+0900 [DEBUG] [org.gradle.launcher.daemon.server.DaemonStateCoordinator] Command execution: completed DaemonCommandExecution[command = Build{id=2a2499d8-82b6-4a32-a41a-3ad9d3cfb916, currentDir=/Users/seungyuncho/eclipse-workspace/spring-boot-lecture/board}, connection = DefaultDaemonConnection: socket connection from /127.0.0.1:51863 to /127.0.0.1:51877]
2021-02-09T00:58:26.625+0900 [DEBUG] [org.gradle.launcher.daemon.server.DaemonStateCoordinator] resetting idle timer
2021-02-09T00:58:26.625+0900 [INFO] [org.gradle.launcher.daemon.server.DaemonRegistryUpdater] Marking the daemon as idle, address: [729bcf6b-1af4-4878-9ac8-ba2a1f77cbd9 port:51863, addresses:[localhost/127.0.0.1]]
2021-02-09T00:58:26.625+0900 [DEBUG] [org.gradle.launcher.daemon.registry.PersistentDaemonRegistry] Marking busy by address: [729bcf6b-1af4-4878-9ac8-ba2a1f77cbd9 port:51863, addresses:[localhost/127.0.0.1]]
2021-02-09T00:58:26.626+0900 [DEBUG] [org.gradle.cache.internal.DefaultFileLockManager] Waiting to acquire exclusive lock on daemon addresses registry.
2021-02-09T00:58:26.626+0900 [DEBUG] [org.gradle.cache.internal.DefaultFileLockManager] Lock acquired on daemon addresses registry.
2021-02-09T00:58:26.627+0900 [DEBUG] [org.gradle.cache.internal.DefaultFileLockManager] Releasing lock on daemon addresses registry.
2021-02-09T00:58:26.627+0900 [DEBUG] [org.gradle.launcher.daemon.server.exec.ReturnResult] Daemon is dispatching the build result: Success[value=org.gradle.launcher.exec.BuildActionResult@737eaac]
2021-02-09T00:58:26.627+0900 [DEBUG] [org.gradle.launcher.daemon.server.DaemonStateCoordinator] Cancel: daemon is idle now.
2021-02-09T00:58:26.628+0900 [DEBUG] [org.gradle.launcher.daemon.server.DaemonStateCoordinator] daemon is running. Sleeping until state changes.
2021-02-09T00:58:26.627+0900 [DEBUG] [org.gradle.launcher.daemon.server.SynchronizedDispatchConnection] thread 18: dispatching Success[value=org.gradle.launcher.exec.BuildActionResult@737eaac]
2021-02-09T00:58:26.629+0900 [DEBUG] [org.gradle.launcher.daemon.server.DefaultIncomingConnectionHandler] Finishing executing command: Build{id=2a2499d8-82b6-4a32-a41a-3ad9d3cfb916, currentDir=/Users/seungyuncho/eclipse-workspace/spring-boot-lecture/board}
2021-02-09T00:58:26.637+0900 [DEBUG] [org.gradle.launcher.daemon.server.SynchronizedDispatchConnection] thread 61: received class org.gradle.launcher.daemon.protocol.Finished
2021-02-09T00:58:26.639+0900 [DEBUG] [org.gradle.launcher.daemon.server.DefaultDaemonConnection] thread 61: Received non-IO message from client: org.gradle.launcher.daemon.protocol.Finished@1e42ef51
2021-02-09T00:58:26.639+0900 [DEBUG] [org.gradle.launcher.daemon.server.DefaultIncomingConnectionHandler] Received finished message: org.gradle.launcher.daemon.protocol.Finished@1e42ef51
2021-02-09T00:58:26.639+0900 [DEBUG] [org.gradle.launcher.daemon.server.SynchronizedDispatchConnection] thread 18: stopping connection
2021-02-09T00:58:26.639+0900 [DEBUG] [org.gradle.internal.remote.internal.inet.SocketConnection] Discarding EOFException: java.io.EOFException
2021-02-09T00:58:26.640+0900 [DEBUG] [org.gradle.launcher.daemon.server.SynchronizedDispatchConnection] thread 61: received null
2021-02-09T00:58:26.640+0900 [DEBUG] [org.gradle.launcher.daemon.server.DefaultDaemonConnection] thread 61: Received end-of-input from client.
2021-02-09T00:58:26.641+0900 [DEBUG] [org.gradle.launcher.daemon.server.SynchronizedDispatchConnection] thread 18: stopping connection
2021-02-09T00:58:32.936+0900 [DEBUG] [org.gradle.cache.internal.DefaultFileLockManager] Waiting to acquire shared lock on daemon addresses registry.
2021-02-09T00:58:32.936+0900 [DEBUG] [org.gradle.cache.internal.DefaultFileLockManager] Lock acquired on daemon addresses registry.
2021-02-09T00:58:32.936+0900 [DEBUG] [org.gradle.cache.internal.DefaultFileLockManager] Releasing lock on daemon addresses registry.
2021-02-09T00:58:32.937+0900 [DEBUG] [org.gradle.cache.internal.DefaultFileLockManager] Waiting to acquire shared lock on daemon addresses registry.
2021-02-09T00:58:32.937+0900 [DEBUG] [org.gradle.cache.internal.DefaultFileLockManager] Lock acquired on daemon addresses registry.
2021-02-09T00:58:32.938+0900 [DEBUG] [org.gradle.cache.internal.DefaultFileLockManager] Releasing lock on daemon addresses registry.
2021-02-09T00:58:42.934+0900 [DEBUG] [org.gradle.cache.internal.DefaultFileLockManager] Waiting to acquire shared lock on daemon addresses registry.
2021-02-09T00:58:42.935+0900 [DEBUG] [org.gradle.cache.internal.DefaultFileLockManager] Lock acquired on daemon addresses registry.
2021-02-09T00:58:42.935+0900 [DEBUG] [org.gradle.cache.internal.DefaultFileLockManager] Releasing lock on daemon addresses registry.
2021-02-09T00:58:42.936+0900 [DEBUG] [org.gradle.cache.internal.DefaultFileLockManager] Waiting to acquire shared lock on daemon addresses registry.
2021-02-09T00:58:42.936+0900 [DEBUG] [org.gradle.cache.internal.DefaultFileLockManager] Lock acquired on daemon addresses registry.
2021-02-09T00:58:42.937+0900 [DEBUG] [org.gradle.cache.internal.DefaultFileLockManager] Releasing lock on daemon addresses registry.
2021-02-09T00:58:42.938+0900 [DEBUG] [org.gradle.cache.internal.DefaultFileLockManager] Waiting to acquire shared lock on daemon addresses registry.
2021-02-09T00:58:42.938+0900 [DEBUG] [org.gradle.cache.internal.DefaultFileLockManager] Lock acquired on daemon addresses registry.
2021-02-09T00:58:42.939+0900 [DEBUG] [org.gradle.cache.internal.DefaultFileLockManager] Releasing lock on daemon addresses registry.
2021-02-09T00:58:43.171+0900 [DEBUG] [org.gradle.internal.remote.internal.inet.TcpIncomingConnector] Accepted connection from /127.0.0.1:51892 to /127.0.0.1:51863.
2021-02-09T00:58:43.175+0900 [DEBUG] [org.gradle.launcher.daemon.server.SynchronizedDispatchConnection] thread 87: received class org.gradle.launcher.daemon.protocol.Build
2021-02-09T00:58:43.176+0900 [DEBUG] [org.gradle.launcher.daemon.server.DefaultDaemonConnection] thread 87: Received non-IO message from client: Build{id=11522849-9441-4356-a70b-b740cd2f9fe9, currentDir=/Users/seungyuncho/eclipse-workspace/spring-boot-lecture/board}
2021-02-09T00:58:43.176+0900 [INFO] [org.gradle.launcher.daemon.server.DefaultIncomingConnectionHandler] Received command: Build{id=11522849-9441-4356-a70b-b740cd2f9fe9, currentDir=/Users/seungyuncho/eclipse-workspace/spring-boot-lecture/board}.
2021-02-09T00:58:43.176+0900 [DEBUG] [org.gradle.launcher.daemon.server.DefaultIncomingConnectionHandler] Starting executing command: Build{id=11522849-9441-4356-a70b-b740cd2f9fe9, currentDir=/Users/seungyuncho/eclipse-workspace/spring-boot-lecture/board} with connection: socket connection from /127.0.0.1:51863 to /127.0.0.1:51892.
2021-02-09T00:58:43.177+0900 [ERROR] [org.gradle.launcher.daemon.server.DaemonStateCoordinator] Command execution: started DaemonCommandExecution[command = Build{id=11522849-9441-4356-a70b-b740cd2f9fe9, currentDir=/Users/seungyuncho/eclipse-workspace/spring-boot-lecture/board}, connection = DefaultDaemonConnection: socket connection from /127.0.0.1:51863 to /127.0.0.1:51892] after 0.0 minutes of idle
2021-02-09T00:58:43.177+0900 [INFO] [org.gradle.launcher.daemon.server.DaemonRegistryUpdater] Marking the daemon as busy, address: [729bcf6b-1af4-4878-9ac8-ba2a1f77cbd9 port:51863, addresses:[localhost/127.0.0.1]]
2021-02-09T00:58:43.177+0900 [DEBUG] [org.gradle.launcher.daemon.registry.PersistentDaemonRegistry] Marking busy by address: [729bcf6b-1af4-4878-9ac8-ba2a1f77cbd9 port:51863, addresses:[localhost/127.0.0.1]]
2021-02-09T00:58:43.178+0900 [DEBUG] [org.gradle.cache.internal.DefaultFileLockManager] Waiting to acquire exclusive lock on daemon addresses registry.
2021-02-09T00:58:43.178+0900 [DEBUG] [org.gradle.cache.internal.DefaultFileLockManager] Lock acquired on daemon addresses registry.
2021-02-09T00:58:43.179+0900 [DEBUG] [org.gradle.cache.internal.DefaultFileLockManager] Releasing lock on daemon addresses registry.
2021-02-09T00:58:43.180+0900 [DEBUG] [org.gradle.launcher.daemon.server.DaemonStateCoordinator] resetting idle timer
2021-02-09T00:58:43.181+0900 [DEBUG] [org.gradle.launcher.daemon.server.DaemonStateCoordinator] daemon is running. Sleeping until state changes.
2021-02-09T00:58:43.181+0900 [INFO] [org.gradle.launcher.daemon.server.exec.StartBuildOrRespondWithBusy] Daemon is about to start building Build{id=11522849-9441-4356-a70b-b740cd2f9fe9, currentDir=/Users/seungyuncho/eclipse-workspace/spring-boot-lecture/board}. Dispatching build started information...
2021-02-09T00:58:43.182+0900 [DEBUG] [org.gradle.launcher.daemon.server.SynchronizedDispatchConnection] thread 21: dispatching org.gradle.launcher.daemon.protocol.BuildStarted@107c9064
2021-02-09T00:58:43.183+0900 [DEBUG] [org.gradle.launcher.daemon.server.exec.EstablishBuildEnvironment] Configuring env variables: [PATH, aaa, NVM_CD_FLAGS, NVM_DIR, SHELL, PAGER, LSCOLORS, OLDPWD, USER, VERSIONER_PYTHON_PREFER_32_BIT, ZSH, TMPDIR, SSH_AUTH_SOCK, XPC_FLAGS, VERSIONER_PYTHON_VERSION, __CF_USER_TEXT_ENCODING, Apple_PubSub_Socket_Render, LOGNAME, LESS, LC_CTYPE, XPC_SERVICE_NAME, NVM_BIN, HOME]
2021-02-09T00:58:43.184+0900 [DEBUG] [org.gradle.launcher.daemon.server.exec.LogToClient] About to start relaying all logs to the client via the connection.
2021-02-09T00:58:43.185+0900 [INFO] [org.gradle.launcher.daemon.server.exec.LogToClient] The client will now receive all logging from the daemon (pid: 85612). The daemon log file: /Users/seungyuncho/eclipse-workspace/spring-boot-lecture/board/daemon/6.7.1/daemon-85612.out.log
2021-02-09T00:58:43.186+0900 [INFO] [org.gradle.launcher.daemon.server.exec.LogAndCheckHealth] Starting 3rd build in daemon [uptime: 1 mins 20.622 secs, performance: 100%, non-heap usage: 22% of 268.4 MB]
2021-02-09T00:58:43.186+0900 [DEBUG] [org.gradle.launcher.daemon.server.exec.ExecuteBuild] The daemon has started executing the build.
2021-02-09T00:58:43.187+0900 [DEBUG] [org.gradle.launcher.daemon.server.exec.ExecuteBuild] Executing build with daemon context: DefaultDaemonContext[uid=923738df-023f-44f3-9596-0c15eb156a1a,javaHome=/Library/Java/JavaVirtualMachines/jdk-15.0.1.jdk/Contents/Home,daemonRegistryDir=/Users/seungyuncho/eclipse-workspace/spring-boot-lecture/board/daemon,pid=85612,idleTimeout=10800000,priority=NORMAL,daemonOpts=-XX:MaxMetaspaceSize=256m,-XX:+HeapDumpOnOutOfMemoryError,--add-opens,java.base/java.util=ALL-UNNAMED,--add-opens,java.base/java.lang=ALL-UNNAMED,--add-opens,java.base/java.lang.invoke=ALL-UNNAMED,--add-opens,java.prefs/java.util.prefs=ALL-UNNAMED,-Xms256m,-Xmx512m,-Dfile.encoding=UTF-8,-Duser.country=KR,-Duser.language=ko,-Duser.variant]
00:58:45,962 |-INFO in ch.qos.logback.core.joran.action.AppenderAction - About to instantiate appender of type [ch.qos.logback.core.ConsoleAppender]
00:58:45,963 |-INFO in ch.qos.logback.core.joran.action.AppenderAction - Naming appender as [console]
00:58:45,970 |-INFO in ch.qos.logback.core.joran.action.NestedComplexPropertyIA - Assuming default type [ch.qos.logback.classic.encoder.PatternLayoutEncoder] for [encoder] property
00:58:45,987 |-INFO in ch.qos.logback.core.joran.action.AppenderAction - About to instantiate appender of type [ch.qos.logback.core.ConsoleAppender]
00:58:45,988 |-INFO in ch.qos.logback.core.joran.action.AppenderAction - Naming appender as [console-infolog]
00:58:45,989 |-INFO in ch.qos.logback.core.joran.action.NestedComplexPropertyIA - Assuming default type [ch.qos.logback.classic.encoder.PatternLayoutEncoder] for [encoder] property
00:58:45,990 |-INFO in ch.qos.logback.classic.joran.action.LoggerAction - Setting level of logger [board] to DEBUG
00:58:45,990 |-INFO in ch.qos.logback.classic.jul.LevelChangePropagator@2cb42ecc - Propagating DEBUG level on Logger[board] onto the JUL framework
00:58:45,992 |-INFO in ch.qos.logback.classic.joran.action.LoggerAction - Setting level of logger [jdbc.sqlonly] to INFO
00:58:45,992 |-INFO in ch.qos.logback.classic.jul.LevelChangePropagator@2cb42ecc - Propagating INFO level on Logger[jdbc.sqlonly] onto the JUL framework
00:58:45,992 |-INFO in ch.qos.logback.classic.joran.action.LoggerAction - Setting level of logger [jdbc.resultsettable] to INFO
00:58:45,992 |-INFO in ch.qos.logback.classic.jul.LevelChangePropagator@2cb42ecc - Propagating INFO level on Logger[jdbc.resultsettable] onto the JUL framework
00:58:45,993 |-INFO in ch.qos.logback.classic.joran.action.RootLoggerAction - Setting level of ROOT logger to ERROR
00:58:45,993 |-INFO in ch.qos.logback.classic.jul.LevelChangePropagator@2cb42ecc - Propagating ERROR level on Logger[ROOT] onto the JUL framework
00:58:45,993 |-INFO in ch.qos.logback.core.joran.action.AppenderRefAction - Attaching appender named [console] to Logger[ROOT]
00:58:45,993 |-INFO in ch.qos.logback.classic.joran.action.ConfigurationAction - End of configuration.
00:58:45,993 |-INFO in org.springframework.boot.logging.logback.SpringBootJoranConfigurator@7263493a - Registering current configuration as safe fallback point

  .   ____          _            __ _ _
 /\\ / ___'_ __ _ _(_)_ __  __ _ \ \ \ \
( ( )\___ | '_ | '_| | '_ \/ _` | \ \ \ \
 \\/  ___)| |_)| | | | | || (_| |  ) ) ) )
  '  |____| .__|_| |_|_| |_\__, | / / / /
 =========|_|==============|___/=/_/_/_/
 :: Spring Boot ::                (v2.4.1)

2021-02-09 00:58:46,158  INFO [board.BoardApplication] Starting BoardApplication using Java 15.0.1 on seungyunui-MacBook-Pro.local with PID 85682 (/Users/seungyuncho/eclipse-workspace/spring-boot-lecture/board/build/classes/java/main started by seungyuncho in /Users/seungyuncho/eclipse-workspace/spring-boot-lecture/board)
2021-02-09 00:58:46,162 DEBUG [board.BoardApplication] Running with Spring Boot v2.4.1, Spring v5.3.2
2021-02-09 00:58:46,163  INFO [board.BoardApplication] No active profile set, falling back to default profiles: default
Loading class `com.mysql.jdbc.Driver'. This is deprecated. The new driver class is `com.mysql.cj.jdbc.Driver'. The driver is automatically registered via the SPI and manual loading of the driver class is generally unnecessary.
2021-02-09 00:58:48,937  INFO [jdbc.sqlonly] SELECT 1

2021-02-09 00:58:50,143  INFO [jdbc.sqlonly] SELECT 1


FAILURE: Build failed with an exception.

* What went wrong:
Execution failed for task ':BoardApplication.main()'.
> Build cancelled while executing task ':BoardApplication.main()'

* Try:
Run with --stacktrace option to get the stack trace. Run with --info or --debug option to get more log output. Run with --scan to get full insights.

* Get more help at https://help.gradle.org

BUILD FAILED in 7s
3 actionable tasks: 1 executed, 2 up-to-date
2021-02-09T00:58:50.698+0900 [DEBUG] [org.gradle.launcher.daemon.server.exec.ExecuteBuild] The daemon has finished executing the build.
2021-02-09T00:58:52.932+0900 [DEBUG] [org.gradle.cache.internal.DefaultFileLockManager] Waiting to acquire shared lock on daemon addresses registry.
2021-02-09T00:58:52.932+0900 [DEBUG] [org.gradle.cache.internal.DefaultFileLockManager] Lock acquired on daemon addresses registry.
2021-02-09T00:58:52.933+0900 [DEBUG] [org.gradle.cache.internal.DefaultFileLockManager] Releasing lock on daemon addresses registry.
2021-02-09T00:58:52.934+0900 [DEBUG] [org.gradle.cache.internal.DefaultFileLockManager] Waiting to acquire shared lock on daemon addresses registry.
2021-02-09T00:58:52.934+0900 [DEBUG] [org.gradle.cache.internal.DefaultFileLockManager] Lock acquired on daemon addresses registry.
2021-02-09T00:58:52.935+0900 [DEBUG] [org.gradle.cache.internal.DefaultFileLockManager] Releasing lock on daemon addresses registry.
2021-02-09T00:58:55.651+0900 [DEBUG] [org.gradle.process.internal.DefaultExecHandle] Changing state to: ABORTED
2021-02-09T00:58:55.651+0900 [DEBUG] [org.gradle.launcher.daemon.server.DaemonStateCoordinator] Cancel: daemon is busy, sleeping until state changes.
2021-02-09T00:58:55.651+0900 [DEBUG] [org.gradle.process.internal.DefaultExecHandle] Process 'command '/Library/Java/JavaVirtualMachines/jdk-15.0.1.jdk/Contents/Home/bin/java'' finished with exit value 143 (state: ABORTED)
2021-02-09T00:58:55.652+0900 [DEBUG] [org.gradle.launcher.daemon.server.DaemonStateCoordinator] Cancel: daemon is busy, sleeping until state changes.
2021-02-09T00:58:55.652+0900 [DEBUG] [org.gradle.launcher.daemon.server.DaemonStateCoordinator] Command execution: finished waiting for DaemonCommandExecution[command = Build{id=11522849-9441-4356-a70b-b740cd2f9fe9, currentDir=/Users/seungyuncho/eclipse-workspace/spring-boot-lecture/board}, connection = DefaultDaemonConnection: socket connection from /127.0.0.1:51863 to /127.0.0.1:51892]. Result org.gradle.launcher.daemon.server.DaemonStateCoordinator@4c0768c6 with state Canceled
2021-02-09T00:58:55.652+0900 [DEBUG] [org.gradle.launcher.daemon.server.DaemonStateCoordinator] Command execution: completed DaemonCommandExecution[command = Build{id=11522849-9441-4356-a70b-b740cd2f9fe9, currentDir=/Users/seungyuncho/eclipse-workspace/spring-boot-lecture/board}, connection = DefaultDaemonConnection: socket connection from /127.0.0.1:51863 to /127.0.0.1:51892]
2021-02-09T00:58:55.652+0900 [DEBUG] [org.gradle.launcher.daemon.server.DaemonStateCoordinator] resetting idle timer
2021-02-09T00:58:55.652+0900 [INFO] [org.gradle.launcher.daemon.server.DaemonRegistryUpdater] Marking the daemon as idle, address: [729bcf6b-1af4-4878-9ac8-ba2a1f77cbd9 port:51863, addresses:[localhost/127.0.0.1]]
2021-02-09T00:58:55.653+0900 [DEBUG] [org.gradle.launcher.daemon.registry.PersistentDaemonRegistry] Marking busy by address: [729bcf6b-1af4-4878-9ac8-ba2a1f77cbd9 port:51863, addresses:[localhost/127.0.0.1]]
2021-02-09T00:58:55.653+0900 [DEBUG] [org.gradle.cache.internal.DefaultFileLockManager] Waiting to acquire exclusive lock on daemon addresses registry.
2021-02-09T00:58:55.653+0900 [DEBUG] [org.gradle.cache.internal.DefaultFileLockManager] Lock acquired on daemon addresses registry.
2021-02-09T00:58:55.654+0900 [DEBUG] [org.gradle.cache.internal.DefaultFileLockManager] Releasing lock on daemon addresses registry.
2021-02-09T00:58:55.655+0900 [DEBUG] [org.gradle.launcher.daemon.server.exec.ReturnResult] Daemon is dispatching the build result: Success[value=org.gradle.launcher.exec.BuildActionResult@5dfb101]
2021-02-09T00:58:55.655+0900 [DEBUG] [org.gradle.launcher.daemon.server.DaemonStateCoordinator] Cancel: daemon is idle now.
2021-02-09T00:58:55.655+0900 [DEBUG] [org.gradle.launcher.daemon.server.DaemonStateCoordinator] daemon is running. Sleeping until state changes.
2021-02-09T00:58:55.655+0900 [DEBUG] [org.gradle.launcher.daemon.server.SynchronizedDispatchConnection] thread 18: dispatching Success[value=org.gradle.launcher.exec.BuildActionResult@5dfb101]
2021-02-09T00:58:55.657+0900 [DEBUG] [org.gradle.launcher.daemon.server.DefaultIncomingConnectionHandler] Finishing executing command: Build{id=11522849-9441-4356-a70b-b740cd2f9fe9, currentDir=/Users/seungyuncho/eclipse-workspace/spring-boot-lecture/board}
2021-02-09T00:58:55.659+0900 [DEBUG] [org.gradle.launcher.daemon.server.SynchronizedDispatchConnection] thread 87: received class org.gradle.launcher.daemon.protocol.Finished
2021-02-09T00:58:55.660+0900 [DEBUG] [org.gradle.launcher.daemon.server.DefaultDaemonConnection] thread 87: Received non-IO message from client: org.gradle.launcher.daemon.protocol.Finished@5e8f3158
2021-02-09T00:58:55.660+0900 [DEBUG] [org.gradle.launcher.daemon.server.DefaultIncomingConnectionHandler] Received finished message: org.gradle.launcher.daemon.protocol.Finished@5e8f3158
2021-02-09T00:58:55.660+0900 [DEBUG] [org.gradle.internal.remote.internal.inet.SocketConnection] Discarding EOFException: java.io.EOFException
2021-02-09T00:58:55.660+0900 [DEBUG] [org.gradle.launcher.daemon.server.SynchronizedDispatchConnection] thread 18: stopping connection
2021-02-09T00:58:55.660+0900 [DEBUG] [org.gradle.launcher.daemon.server.SynchronizedDispatchConnection] thread 87: received null
2021-02-09T00:58:55.661+0900 [DEBUG] [org.gradle.launcher.daemon.server.DefaultDaemonConnection] thread 87: Received end-of-input from client.
2021-02-09T00:58:55.661+0900 [DEBUG] [org.gradle.launcher.daemon.server.SynchronizedDispatchConnection] thread 18: stopping connection
2021-02-09T00:59:02.936+0900 [DEBUG] [org.gradle.cache.internal.DefaultFileLockManager] Waiting to acquire shared lock on daemon addresses registry.
2021-02-09T00:59:02.936+0900 [DEBUG] [org.gradle.cache.internal.DefaultFileLockManager] Lock acquired on daemon addresses registry.
2021-02-09T00:59:02.937+0900 [DEBUG] [org.gradle.cache.internal.DefaultFileLockManager] Releasing lock on daemon addresses registry.
2021-02-09T00:59:02.938+0900 [DEBUG] [org.gradle.cache.internal.DefaultFileLockManager] Waiting to acquire shared lock on daemon addresses registry.
2021-02-09T00:59:02.943+0900 [DEBUG] [org.gradle.cache.internal.DefaultFileLockManager] Lock acquired on daemon addresses registry.
2021-02-09T00:59:02.944+0900 [DEBUG] [org.gradle.cache.internal.DefaultFileLockManager] Releasing lock on daemon addresses registry.
2021-02-09T00:59:12.936+0900 [DEBUG] [org.gradle.cache.internal.DefaultFileLockManager] Waiting to acquire shared lock on daemon addresses registry.
2021-02-09T00:59:12.936+0900 [DEBUG] [org.gradle.cache.internal.DefaultFileLockManager] Lock acquired on daemon addresses registry.
2021-02-09T00:59:12.936+0900 [DEBUG] [org.gradle.cache.internal.DefaultFileLockManager] Releasing lock on daemon addresses registry.
2021-02-09T00:59:12.937+0900 [DEBUG] [org.gradle.cache.internal.DefaultFileLockManager] Waiting to acquire shared lock on daemon addresses registry.
2021-02-09T00:59:12.937+0900 [DEBUG] [org.gradle.cache.internal.DefaultFileLockManager] Lock acquired on daemon addresses registry.
2021-02-09T00:59:12.938+0900 [DEBUG] [org.gradle.cache.internal.DefaultFileLockManager] Releasing lock on daemon addresses registry.
2021-02-09T00:59:12.939+0900 [DEBUG] [org.gradle.cache.internal.DefaultFileLockManager] Waiting to acquire shared lock on daemon addresses registry.
2021-02-09T00:59:12.939+0900 [DEBUG] [org.gradle.cache.internal.DefaultFileLockManager] Lock acquired on daemon addresses registry.
2021-02-09T00:59:12.940+0900 [DEBUG] [org.gradle.cache.internal.DefaultFileLockManager] Releasing lock on daemon addresses registry.
2021-02-09T00:59:22.932+0900 [DEBUG] [org.gradle.cache.internal.DefaultFileLockManager] Waiting to acquire shared lock on daemon addresses registry.
2021-02-09T00:59:22.932+0900 [DEBUG] [org.gradle.cache.internal.DefaultFileLockManager] Lock acquired on daemon addresses registry.
2021-02-09T00:59:22.933+0900 [DEBUG] [org.gradle.cache.internal.DefaultFileLockManager] Releasing lock on daemon addresses registry.
2021-02-09T00:59:22.935+0900 [DEBUG] [org.gradle.cache.internal.DefaultFileLockManager] Waiting to acquire shared lock on daemon addresses registry.
2021-02-09T00:59:22.936+0900 [DEBUG] [org.gradle.cache.internal.DefaultFileLockManager] Lock acquired on daemon addresses registry.
2021-02-09T00:59:22.936+0900 [DEBUG] [org.gradle.cache.internal.DefaultFileLockManager] Releasing lock on daemon addresses registry.
2021-02-09T00:59:22.937+0900 [DEBUG] [org.gradle.cache.internal.DefaultFileLockManager] Waiting to acquire shared lock on daemon addresses registry.
2021-02-09T00:59:22.937+0900 [DEBUG] [org.gradle.cache.internal.DefaultFileLockManager] Lock acquired on daemon addresses registry.
2021-02-09T00:59:22.938+0900 [DEBUG] [org.gradle.cache.internal.DefaultFileLockManager] Releasing lock on daemon addresses registry.
2021-02-09T00:59:32.938+0900 [DEBUG] [org.gradle.cache.internal.DefaultFileLockManager] Waiting to acquire shared lock on daemon addresses registry.
2021-02-09T00:59:32.938+0900 [DEBUG] [org.gradle.cache.internal.DefaultFileLockManager] Lock acquired on daemon addresses registry.
2021-02-09T00:59:32.939+0900 [DEBUG] [org.gradle.cache.internal.DefaultFileLockManager] Releasing lock on daemon addresses registry.
2021-02-09T00:59:32.940+0900 [DEBUG] [org.gradle.cache.internal.DefaultFileLockManager] Waiting to acquire shared lock on daemon addresses registry.
2021-02-09T00:59:32.940+0900 [DEBUG] [org.gradle.cache.internal.DefaultFileLockManager] Lock acquired on daemon addresses registry.
2021-02-09T00:59:32.940+0900 [DEBUG] [org.gradle.cache.internal.DefaultFileLockManager] Releasing lock on daemon addresses registry.
2021-02-09T00:59:32.941+0900 [DEBUG] [org.gradle.cache.internal.DefaultFileLockManager] Waiting to acquire shared lock on daemon addresses registry.
2021-02-09T00:59:32.941+0900 [DEBUG] [org.gradle.cache.internal.DefaultFileLockManager] Lock acquired on daemon addresses registry.
2021-02-09T00:59:32.942+0900 [DEBUG] [org.gradle.cache.internal.DefaultFileLockManager] Releasing lock on daemon addresses registry.
2021-02-09T00:59:42.934+0900 [DEBUG] [org.gradle.cache.internal.DefaultFileLockManager] Waiting to acquire shared lock on daemon addresses registry.
2021-02-09T00:59:42.936+0900 [DEBUG] [org.gradle.cache.internal.DefaultFileLockManager] Lock acquired on daemon addresses registry.
2021-02-09T00:59:42.936+0900 [DEBUG] [org.gradle.cache.internal.DefaultFileLockManager] Releasing lock on daemon addresses registry.
2021-02-09T00:59:42.937+0900 [DEBUG] [org.gradle.cache.internal.DefaultFileLockManager] Waiting to acquire shared lock on daemon addresses registry.
2021-02-09T00:59:42.937+0900 [DEBUG] [org.gradle.cache.internal.DefaultFileLockManager] Lock acquired on daemon addresses registry.
2021-02-09T00:59:42.937+0900 [DEBUG] [org.gradle.cache.internal.DefaultFileLockManager] Releasing lock on daemon addresses registry.
2021-02-09T00:59:42.938+0900 [DEBUG] [org.gradle.cache.internal.DefaultFileLockManager] Waiting to acquire shared lock on daemon addresses registry.
2021-02-09T00:59:42.938+0900 [DEBUG] [org.gradle.cache.internal.DefaultFileLockManager] Lock acquired on daemon addresses registry.
2021-02-09T00:59:42.939+0900 [DEBUG] [org.gradle.cache.internal.DefaultFileLockManager] Releasing lock on daemon addresses registry.
2021-02-09T00:59:52.933+0900 [DEBUG] [org.gradle.cache.internal.DefaultFileLockManager] Waiting to acquire shared lock on daemon addresses registry.
2021-02-09T00:59:52.934+0900 [DEBUG] [org.gradle.cache.internal.DefaultFileLockManager] Lock acquired on daemon addresses registry.
2021-02-09T00:59:52.934+0900 [DEBUG] [org.gradle.cache.internal.DefaultFileLockManager] Releasing lock on daemon addresses registry.
2021-02-09T00:59:52.935+0900 [DEBUG] [org.gradle.cache.internal.DefaultFileLockManager] Waiting to acquire shared lock on daemon addresses registry.
2021-02-09T00:59:52.935+0900 [DEBUG] [org.gradle.cache.internal.DefaultFileLockManager] Lock acquired on daemon addresses registry.
2021-02-09T00:59:52.936+0900 [DEBUG] [org.gradle.cache.internal.DefaultFileLockManager] Releasing lock on daemon addresses registry.
2021-02-09T00:59:52.936+0900 [DEBUG] [org.gradle.cache.internal.DefaultFileLockManager] Waiting to acquire shared lock on daemon addresses registry.
2021-02-09T00:59:52.937+0900 [DEBUG] [org.gradle.cache.internal.DefaultFileLockManager] Lock acquired on daemon addresses registry.
2021-02-09T00:59:52.937+0900 [DEBUG] [org.gradle.cache.internal.DefaultFileLockManager] Releasing lock on daemon addresses registry.
2021-02-09T01:00:02.938+0900 [DEBUG] [org.gradle.cache.internal.DefaultFileLockManager] Waiting to acquire shared lock on daemon addresses registry.
2021-02-09T01:00:02.939+0900 [DEBUG] [org.gradle.cache.internal.DefaultFileLockManager] Lock acquired on daemon addresses registry.
2021-02-09T01:00:02.939+0900 [DEBUG] [org.gradle.cache.internal.DefaultFileLockManager] Releasing lock on daemon addresses registry.
2021-02-09T01:00:02.940+0900 [DEBUG] [org.gradle.cache.internal.DefaultFileLockManager] Waiting to acquire shared lock on daemon addresses registry.
2021-02-09T01:00:02.940+0900 [DEBUG] [org.gradle.cache.internal.DefaultFileLockManager] Lock acquired on daemon addresses registry.
2021-02-09T01:00:02.940+0900 [DEBUG] [org.gradle.cache.internal.DefaultFileLockManager] Releasing lock on daemon addresses registry.
2021-02-09T01:00:02.941+0900 [DEBUG] [org.gradle.cache.internal.DefaultFileLockManager] Waiting to acquire shared lock on daemon addresses registry.
2021-02-09T01:00:02.941+0900 [DEBUG] [org.gradle.cache.internal.DefaultFileLockManager] Lock acquired on daemon addresses registry.
2021-02-09T01:00:02.941+0900 [DEBUG] [org.gradle.cache.internal.DefaultFileLockManager] Releasing lock on daemon addresses registry.
